
========== guest pre-check ==========
spike-vm-1g: phase=Running ip=10.244.125.16
pod-uid=11ef754b-7d41-4d28-a107-3db4caaffd68  vm-ip=10.244.125.16  ch-pid=36842
launcher snapshot dir (CH view):    /var/lib/kubeswift/run/default-spike-vm-1g/snap
launcher snapshot dir (debug view): /host/kubelet-pods/11ef754b-7d41-4d28-a107-3db4caaffd68/volumes/kubernetes.io~empty-dir/run/default-spike-vm-1g/snap
command terminated with exit code 255

========== vm.info BEFORE pause ==========
HTTP=200
{
  "state": "Running",
  "mem": 1073741824,
  "cpus": 2
}

========== guest uptime BEFORE pause (boot-time anchor) ==========
boot=2026-04-25 10:13:37
now=2026-04-25T10:27:40Z
proc-uptime=843.28 1661.56

========== start in-guest tmpfs timestamp writer (proves memory state survival) ==========
2 /run/spike-ts.log
1777112861.168280128
1777112862.182458947

========== PAUSE  2026-04-25T10:27:45.235Z ==========
HTTP=204
pause T0=1777112865.237896195 T1=1777112865.577322257  delta=0.339s

========== SNAPSHOT to file:///var/lib/kubeswift/run/default-spike-vm-1g/snap/  2026-04-25T10:27:45.581Z ==========
HTTP=204
snapshot T0=1777112865.583765068 T1=1777112869.242997394  delta=3.659s

========== RESUME  2026-04-25T10:27:49.248Z ==========
HTTP=204
resume T0=1777112869.250145314 T1=1777112869.601928445  delta=0.352s

========== PAUSE WINDOW SUMMARY (operator-visible downtime) ==========
pause→resume:    4.364s  (full operator-visible downtime)
snapshot only:   3.659s  (capture phase)

========== vm.info AFTER resume ==========
HTTP=200
{
  "state": "Running",
  "mem": 1073741824
}

========== snapshot directory contents (file names + sizes — opaque to KubeSwift) ==========
total 1.1G
-rw------- 1 root root 2.2K Apr 25 10:27 config.json
-rw------- 1 root root 1.0G Apr 25 10:27 memory-ranges
-rw------- 1 root root  62K Apr 25 10:27 state.json
total: 1.1G

========== copy snapshot to stable hostPath /tmp/snap/spike-vm-1g (so it survives pod teardown for Section 2) ==========
total 1.1G
-rw------- 1 root root 2.2K Apr 25 10:27 config.json
-rw------- 1 root root 1.0G Apr 25 10:27 memory-ranges
-rw------- 1 root root  62K Apr 25 10:27 state.json
total: 1.1G

========== verify guest state survived (uptime continuity + writer file gap) ==========
--- uptime AFTER resume (boot must match BEFORE) ---
boot=2026-04-25 10:13:37
now=2026-04-25T10:27:52Z
proc-uptime=855.57 1685.06
--- timestamp writer file: line count + first/last + gap ---
16 /run/spike-ts.log
1777112861.168280128
1777112872.615775123
max-gap=4.347s at sample 1777112865.230394537
--- writer process still alive? ---
1349 sudo nohup sh -c while true; do date -u +%s.%N >> /run/spike-ts.log; sleep 0.5; done
1351 sh -c while true; do date -u +%s.%N >> /run/spike-ts.log; sleep 0.5; done
1441 sh -c  echo "--- uptime AFTER resume (boot must match BEFORE) ---" echo boot=$(uptime -s); echo now=$(date -u +%Y-%m-%dT%H:%M:%SZ); echo proc-uptime=$(cat /proc/uptime) echo "--- timestamp writer file: line count + first/last + gap ---" sudo wc -l /run/spike-ts.log sudo head -1 /run/spike-ts.log; sudo tail -1 /run/spike-ts.log sudo awk "BEGIN{prev=0;maxd=0;maxat=0}           {if (prev>0){d=\$1-prev; if (d>maxd){maxd=d;maxat=prev}} prev=\$1}           END{printf \"max-gap=%.3fs at sample %s\\n\", maxd, maxat}" /run/spike-ts.log echo "--- writer process still alive? ---" sudo pgrep -af "spike-ts" | head -3 || echo "(no match — writer died?)" 
(trap) re-trying resume in case pause is left dangling
